<?xml version="1.0" encoding="UTF-8"?>
<!-- Generated by org.testng.reporters.JUnitReportReporter -->
<testsuite hostname="DESKTOP-V4NHLC4" failures="0" tests="1" name="com.InternetBanking.testcases.TC_LoginTest_001Test" time="34.215" errors="0" timestamp="2022-06-21T11:37:27 IST" skipped="0">
  <testcase classname="com.InternetBanking.testcases.TC_LoginTest_001Test" name="LoginTest" time="34.215"/>
  <system-out/>
</testsuite> <!-- com.InternetBanking.testcases.TC_LoginTest_001Test -->
