<?xml version="1.0" encoding="UTF-8"?>
<!-- Generated by org.testng.reporters.JUnitReportReporter -->
<testsuite hostname="DESKTOP-V4NHLC4" failures="0" tests="1" name="com.data_driven_testing.Data_Driven_Exicutor" time="0.000" errors="0" timestamp="2022-08-02T12:26:23 IST" skipped="1">
  <testcase classname="com.data_driven_testing.Data_Driven_Exicutor" name="Login" time="0.000">
    <skipped/>
  </testcase> <!-- Login -->
  <system-out/>
</testsuite> <!-- com.data_driven_testing.Data_Driven_Exicutor -->
