<?xml version="1.0" encoding="UTF-8"?>
<!-- Generated by org.testng.reporters.JUnitReportReporter -->
<testsuite hostname="DESKTOP-V4NHLC4" failures="0" tests="1" name="guru_Package.Log_In" time="2.162" errors="0" timestamp="2022-06-15T13:20:38 IST" skipped="0">
  <testcase classname="guru_Package.Log_In" name="uplaod_File" time="2.162"/>
  <system-out/>
</testsuite> <!-- guru_Package.Log_In -->
