<?xml version="1.0" encoding="UTF-8"?>
<!-- Generated by org.testng.reporters.JUnitReportReporter -->
<testsuite hostname="DESKTOP-V4NHLC4" failures="0" tests="1" name="datepicker.Date_Picker" time="0.544" errors="0" timestamp="2022-08-02T17:17:10 IST" skipped="0">
  <testcase classname="datepicker.Date_Picker" name="DatePicker1" time="0.544"/>
  <system-out/>
</testsuite> <!-- datepicker.Date_Picker -->
