<?xml version="1.0" encoding="UTF-8"?>
<!-- Generated by org.testng.reporters.JUnitReportReporter -->
<testsuite hostname="DESKTOP-V4NHLC4" failures="0" tests="1" name="drop_down.Demo_1" time="5.516" errors="0" timestamp="2022-06-21T15:53:30 IST" skipped="0">
  <testcase classname="drop_down.Demo_1" name="Handle_DropDown" time="5.516"/>
  <system-out/>
</testsuite> <!-- drop_down.Demo_1 -->
