<?xml version="1.0" encoding="UTF-8"?>
<!-- Generated by org.testng.reporters.JUnitReportReporter -->
<testsuite hostname="DESKTOP-V4NHLC4" failures="0" tests="1" name="autosuggestiondropdown.Auto_Suggetion" time="6.780" errors="0" timestamp="2022-07-17T15:29:09 IST" skipped="0">
  <testcase classname="autosuggestiondropdown.Auto_Suggetion" name="Auto_suggestion" time="6.780"/>
  <system-out/>
</testsuite> <!-- autosuggestiondropdown.Auto_Suggetion -->
