<?xml version="1.0" encoding="UTF-8"?>
<!-- Generated by org.testng.reporters.JUnitReportReporter -->
<testsuite hostname="DESKTOP-V4NHLC4" failures="0" tests="1" name="com.InternetBanking.testcases.TC_LoginTest_001" time="36.455" errors="0" timestamp="2022-06-15T11:17:01 IST" skipped="0">
  <testcase classname="com.InternetBanking.testcases.TC_LoginTest_001" name="LoginTest" time="36.455"/>
  <system-out/>
</testsuite> <!-- com.InternetBanking.testcases.TC_LoginTest_001 -->
