<?xml version="1.0" encoding="UTF-8"?>
<!-- Generated by org.testng.reporters.JUnitReportReporter -->
<testsuite hostname="DESKTOP-V4NHLC4" failures="0" tests="1" name="AssertinExp.AssertionExp1" time="0.019" errors="0" timestamp="2022-07-20T15:16:10 IST" skipped="0">
  <testcase classname="AssertinExp.AssertionExp1" name="TitleSearch" time="0.019"/>
  <system-out/>
</testsuite> <!-- AssertinExp.AssertionExp1 -->
