<?xml version="1.0" encoding="UTF-8"?>
<!-- Generated by org.testng.reporters.JUnitReportReporter -->
<testsuite hostname="DESKTOP-V4NHLC4" failures="0" tests="1" name="Slider.Slider" time="0.089" errors="0" timestamp="2022-07-18T14:37:09 IST" skipped="0">
  <testcase classname="Slider.Slider" name="slider" time="0.089"/>
  <system-out/>
</testsuite> <!-- Slider.Slider -->
