<?xml version="1.0" encoding="UTF-8"?>
<!-- Generated by org.testng.reporters.JUnitReportReporter -->
<testsuite hostname="DESKTOP-V4NHLC4" failures="0" tests="1" name="Mouseover.Mouse_Over_Action" time="0.859" errors="0" timestamp="2022-07-17T18:29:54 IST" skipped="0">
  <testcase classname="Mouseover.Mouse_Over_Action" name="MouseOver" time="0.859"/>
  <system-out/>
</testsuite> <!-- Mouseover.Mouse_Over_Action -->
