<?xml version="1.0" encoding="UTF-8"?>
<!-- Generated by org.testng.reporters.JUnitReportReporter -->
<testsuite hostname="DESKTOP-V4NHLC4" failures="0" tests="1" name="guru_Demo_Site.Log_In" time="11.517" errors="0" timestamp="2022-05-24T16:06:21 IST" skipped="0">
  <testcase classname="guru_Demo_Site.Log_In" name="login_test" time="11.517"/>
  <system-out/>
</testsuite> <!-- guru_Demo_Site.Log_In -->
