<?xml version="1.0" encoding="UTF-8"?>
<!-- Generated by org.testng.reporters.JUnitReportReporter -->
<testsuite hostname="DESKTOP-V4NHLC4" failures="0" tests="1" name="uploadFile.Upload_File" time="10.000" errors="0" timestamp="2022-06-21T15:07:41 IST" skipped="0">
  <testcase classname="uploadFile.Upload_File" name="UpldFle" time="10.000"/>
  <system-out/>
</testsuite> <!-- uploadFile.Upload_File -->
