<?xml version="1.0" encoding="UTF-8"?>
<!-- Generated by org.testng.reporters.JUnitReportReporter -->
<testsuite hostname="DESKTOP-V4NHLC4" failures="0" tests="1" name="alert_Popup.Alert_Automation" time="14.958" errors="0" timestamp="2022-07-18T18:00:47 IST" skipped="0">
  <testcase classname="alert_Popup.Alert_Automation" name="Setup" time="14.958"/>
  <system-out/>
</testsuite> <!-- alert_Popup.Alert_Automation -->
