<?xml version="1.0" encoding="UTF-8"?>
<!-- Generated by org.testng.reporters.JUnitReportReporter -->
<testsuite hostname="DESKTOP-V4NHLC4" failures="0" tests="1" name="scrolldownandup.Scroll" time="13.184" errors="0" timestamp="2022-07-22T13:04:55 IST" skipped="0">
  <testcase classname="scrolldownandup.Scroll" name="Scrolldownadup" time="13.184"/>
  <system-out/>
</testsuite> <!-- scrolldownandup.Scroll -->
