<?xml version="1.0" encoding="UTF-8"?>
<!-- Generated by org.testng.reporters.JUnitReportReporter -->
<testsuite hostname="DESKTOP-V4NHLC4" failures="0" tests="1" name="orangeHRm.LogIn_Pom" time="13.658" errors="0" timestamp="2022-06-14T16:08:33 IST" skipped="0">
  <testcase classname="orangeHRm.LogIn_Pom" name="Login" time="13.658"/>
  <system-out/>
</testsuite> <!-- orangeHRm.LogIn_Pom -->
