<?xml version="1.0" encoding="UTF-8"?>
<!-- Generated by org.testng.reporters.JUnitReportReporter -->
<testsuite hostname="DESKTOP-V4NHLC4" failures="0" tests="1" name="screenshot.CaptureScreeshot" time="10.811" errors="0" timestamp="2022-06-15T17:54:24 IST" skipped="0">
  <testcase classname="screenshot.CaptureScreeshot" name="Takeshot" time="10.811"/>
  <system-out/>
</testsuite> <!-- screenshot.CaptureScreeshot -->
