<?xml version="1.0" encoding="UTF-8"?>
<!-- Generated by org.testng.reporters.JUnitReportReporter -->
<testsuite hostname="DESKTOP-V4NHLC4" failures="0" tests="1" name="datepicker.Datepicker02" time="0.162" errors="0" timestamp="2022-08-02T17:30:26 IST" skipped="0">
  <testcase classname="datepicker.Datepicker02" name="datpick1" time="0.162"/>
  <system-out/>
</testsuite> <!-- datepicker.Datepicker02 -->
