<?xml version="1.0" encoding="UTF-8"?>
<!-- Generated by org.testng.reporters.JUnitReportReporter -->
<testsuite hostname="DESKTOP-V4NHLC4" failures="0" tests="1" name="demo.Log_In" time="6.864" errors="0" timestamp="2022-05-24T11:31:23 IST" skipped="0">
  <testcase classname="demo.Log_In" name="login_test" time="6.864"/>
  <system-out/>
</testsuite> <!-- demo.Log_In -->
