<?xml version="1.0" encoding="UTF-8"?>
<!-- Generated by org.testng.reporters.JUnitReportReporter -->
<testsuite hostname="DESKTOP-V4NHLC4" failures="0" tests="1" name="alert_Popup.Alert_Popup_Accept" time="5.142" errors="0" timestamp="2022-06-15T16:32:10 IST" skipped="0">
  <testcase classname="alert_Popup.Alert_Popup_Accept" name="Accept_PopUp" time="5.142"/>
  <system-out/>
</testsuite> <!-- alert_Popup.Alert_Popup_Accept -->
