<?xml version="1.0" encoding="UTF-8"?>
<!-- Generated by org.testng.reporters.JUnitReportReporter -->
<testsuite hostname="DESKTOP-V4NHLC4" failures="0" tests="1" name="datepicker.Date_Picker_With_Drp_Down" time="2.276" errors="0" timestamp="2022-08-02T17:14:57 IST" skipped="0">
  <testcase classname="datepicker.Date_Picker_With_Drp_Down" name="datePicker" time="2.276"/>
  <system-out/>
</testsuite> <!-- datepicker.Date_Picker_With_Drp_Down -->
